<?xml version="1.0" encoding="UTF-8"?>
<!-- Generated by org.testng.reporters.JUnitReportReporter -->
<testsuite hostname="LAPTOP-5KCODA6R" failures="0" tests="2" name="com.Practice.Annotation_Test" time="0.019" errors="0" timestamp="2023-08-07T19:14:31 IST" skipped="0">
  <testcase classname="com.Practice.Annotation_Test" name="testScript4" time="0.005"/>
  <system-out/>
  <testcase classname="com.Practice.Annotation_Test" name="testScript3" time="0.014"/>
  <system-out/>
</testsuite> <!-- com.Practice.Annotation_Test -->
