<?xml version="1.0" encoding="UTF-8"?>
<!-- Generated by org.testng.reporters.JUnitReportReporter -->
<testsuite hostname="LAPTOP-5KCODA6R" failures="0" tests="4" name="com.Practice.DataProviderTest" time="0.037" errors="0" timestamp="2023-08-10T19:24:52 IST" skipped="0">
  <testcase classname="com.Practice.DataProviderTest" name="getDat" time="0.028"/>
  <system-out/>
  <testcase classname="com.Practice.DataProviderTest" name="getData" time="0.006"/>
  <system-out/>
  <testcase classname="com.Practice.DataProviderTest" name="getData" time="0.002"/>
  <system-out/>
  <testcase classname="com.Practice.DataProviderTest" name="getDat" time="0.001"/>
  <system-out/>
</testsuite> <!-- com.Practice.DataProviderTest -->
