<?xml version="1.0" encoding="UTF-8"?>
<!-- Generated by org.testng.reporters.JUnitReportReporter -->
<testsuite hostname="LAPTOP-5KCODA6R" failures="0" tests="1" name="com.Practice.HardAssertTest" time="0.013" errors="0" timestamp="2023-08-09T11:47:16 IST" skipped="0">
  <testcase classname="com.Practice.HardAssertTest" name="hardAssert" time="0.013"/>
  <system-out/>
</testsuite> <!-- com.Practice.HardAssertTest -->
