<?xml version="1.0" encoding="UTF-8"?>
<!-- Generated by org.testng.reporters.JUnitReportReporter -->
<testsuite hostname="LAPTOP-5KCODA6R" failures="0" tests="6" name="com.Practice.Account_Module" time="19.725" errors="0" timestamp="2023-08-08T10:27:11 IST" skipped="0">
  <testcase classname="com.Practice.Account_Module" name="editAccount" time="3.219"/>
  <system-out/>
  <testcase classname="com.Practice.Account_Module" name="deleteAccount" time="3.370"/>
  <system-out/>
  <testcase classname="com.Practice.Account_Module" name="deleteAccount" time="3.063"/>
  <system-out/>
  <testcase classname="com.Practice.Account_Module" name="editAccount" time="3.237"/>
  <system-out/>
  <testcase classname="com.Practice.Account_Module" name="createAccount" time="3.372"/>
  <system-out/>
  <testcase classname="com.Practice.Account_Module" name="createAccount" time="3.464"/>
  <system-out/>
</testsuite> <!-- com.Practice.Account_Module -->
