<?xml version="1.0" encoding="UTF-8"?>
<!-- Generated by org.testng.reporters.JUnitReportReporter -->
<testsuite hostname="LAPTOP-5KCODA6R" failures="0" tests="1" name="Project_TestNG.CheckProductTest" time="7.441" errors="0" timestamp="2023-08-09T14:33:54 IST" skipped="0">
  <testcase classname="Project_TestNG.CheckProductTest" name="CheckProduct" time="7.441"/>
  <system-out/>
</testsuite> <!-- Project_TestNG.CheckProductTest -->
