<?xml version="1.0" encoding="UTF-8"?>
<!-- Generated by org.testng.reporters.JUnitReportReporter -->
<testsuite hostname="LAPTOP-5KCODA6R" failures="0" tests="1" name="Project_TestNG.AddUserAccountPopUp" time="3.852" errors="0" timestamp="2023-08-08T12:02:22 IST" skipped="0">
  <testcase classname="Project_TestNG.AddUserAccountPopUp" name="addUserAccountTest" time="3.852"/>
  <system-out/>
</testsuite> <!-- Project_TestNG.AddUserAccountPopUp -->
