<?xml version="1.0" encoding="UTF-8"?>
<!-- Generated by org.testng.reporters.JUnitReportReporter -->
<testsuite hostname="LAPTOP-5KCODA6R" failures="0" tests="1" name="com.Practice.readDataFromCmdLine2" time="22.739" errors="0" timestamp="2023-07-30T20:27:03 IST" skipped="0">
  <testcase classname="com.Practice.readDataFromCmdLine2" name="CmdActiTime" time="22.739"/>
  <system-out/>
</testsuite> <!-- com.Practice.readDataFromCmdLine2 -->
