<?xml version="1.0" encoding="UTF-8"?>
<!-- Generated by org.testng.reporters.JUnitReportReporter -->
<testsuite hostname="LAPTOP-5KCODA6R" failures="0" tests="6" name="com.Practice.Customer_Module" time="19.908" errors="0" timestamp="2023-08-08T10:27:11 IST" skipped="0">
  <testcase classname="com.Practice.Customer_Module" name="editCustomer" time="3.014"/>
  <system-out/>
  <testcase classname="com.Practice.Customer_Module" name="editCustomer" time="3.520"/>
  <system-out/>
  <testcase classname="com.Practice.Customer_Module" name="deleteCustomer" time="3.053"/>
  <system-out/>
  <testcase classname="com.Practice.Customer_Module" name="createCustomer" time="3.403"/>
  <system-out/>
  <testcase classname="com.Practice.Customer_Module" name="createCustomer" time="3.390"/>
  <system-out/>
  <testcase classname="com.Practice.Customer_Module" name="deleteCustomer" time="3.528"/>
  <system-out/>
</testsuite> <!-- com.Practice.Customer_Module -->
