<?xml version="1.0" encoding="UTF-8"?>
<!-- Generated by org.testng.reporters.JUnitReportReporter -->
<testsuite hostname="LAPTOP-5KCODA6R" failures="0" tests="1" name="Project_TestNG.addProductTest" time="6.552" errors="0" timestamp="2023-08-08T13:23:49 IST" skipped="0">
  <testcase classname="Project_TestNG.addProductTest" name="addProduct" time="6.552"/>
  <system-out/>
</testsuite> <!-- Project_TestNG.addProductTest -->
