<?xml version="1.0" encoding="UTF-8"?>
<!-- Generated by org.testng.reporters.JUnitReportReporter -->
<testsuite hostname="LAPTOP-5KCODA6R" failures="0" tests="1" name="Project_TestNG.AddandRemoveProductTest" time="8.277" errors="0" timestamp="2023-08-09T17:45:22 IST" skipped="0">
  <testcase classname="Project_TestNG.AddandRemoveProductTest" name="addAndRemoveProduct" time="8.277"/>
  <system-out/>
</testsuite> <!-- Project_TestNG.AddandRemoveProductTest -->
