<?xml version="1.0" encoding="UTF-8"?>
<!-- Generated by org.testng.reporters.JUnitReportReporter -->
<testsuite hostname="LAPTOP-5KCODA6R" failures="0" tests="1" name="com.Practice.Annotation_T" time="1.669" errors="0" timestamp="2023-08-07T12:42:16 IST" skipped="0">
  <testcase classname="com.Practice.Annotation_T" name="run" time="1.669"/>
  <system-out/>
</testsuite> <!-- com.Practice.Annotation_T -->
