<?xml version="1.0" encoding="UTF-8"?>
<!-- Generated by org.testng.reporters.JUnitReportReporter -->
<testsuite hostname="LAPTOP-5KCODA6R" failures="0" tests="2" name="com.Practice.Annotation_Tes" time="0.007" errors="0" timestamp="2023-08-07T19:14:31 IST" skipped="0">
  <testcase classname="com.Practice.Annotation_Tes" name="testScript2" time="0.005"/>
  <system-out/>
  <testcase classname="com.Practice.Annotation_Tes" name="testScript1" time="0.002"/>
  <system-out/>
</testsuite> <!-- com.Practice.Annotation_Tes -->
