<?xml version="1.0" encoding="UTF-8"?>
<!-- Generated by org.testng.reporters.JUnitReportReporter -->
<testsuite hostname="LAPTOP-5KCODA6R" failures="0" tests="4" name="com.Practice.Supplier_Module" time="13.067" errors="0" timestamp="2023-08-08T10:27:11 IST" skipped="0">
  <testcase classname="com.Practice.Supplier_Module" name="deleteSupplier" time="3.484"/>
  <system-out/>
  <testcase classname="com.Practice.Supplier_Module" name="createSupplier" time="2.940"/>
  <system-out/>
  <testcase classname="com.Practice.Supplier_Module" name="deleteSupplier" time="3.089"/>
  <system-out/>
  <testcase classname="com.Practice.Supplier_Module" name="createSupplier" time="3.554"/>
  <system-out/>
</testsuite> <!-- com.Practice.Supplier_Module -->
