<?xml version="1.0" encoding="UTF-8"?>
<!-- Generated by org.testng.reporters.JUnitReportReporter -->
<testsuite hostname="LAPTOP-5KCODA6R" failures="0" tests="6" name="com.Practice.DemoTest_Ng" time="0.020" errors="0" timestamp="2023-08-04T19:30:18 IST" skipped="0">
  <testcase classname="com.Practice.DemoTest_Ng" name="a" time="0.001"/>
  <system-out/>
  <testcase classname="com.Practice.DemoTest_Ng" name="c" time="0.002"/>
  <system-out/>
  <testcase classname="com.Practice.DemoTest_Ng" name="b" time="0.013"/>
  <system-out/>
  <testcase classname="com.Practice.DemoTest_Ng" name="e" time="0.001"/>
  <system-out/>
  <testcase classname="com.Practice.DemoTest_Ng" name="d" time="0.002"/>
  <system-out/>
  <testcase classname="com.Practice.DemoTest_Ng" name="z" time="0.001"/>
  <system-out/>
</testsuite> <!-- com.Practice.DemoTest_Ng -->
