<?xml version="1.0" encoding="UTF-8"?>
<!-- Generated by org.testng.reporters.JUnitReportReporter -->
<testsuite hostname="LAPTOP-5KCODA6R" failures="0" tests="4" name="com.Practice.demoTestNG" time="0.013" errors="0" timestamp="2023-08-04T11:57:43 IST" skipped="0">
  <testcase classname="com.Practice.demoTestNG" name="a" time="0.010"/>
  <system-out/>
  <testcase classname="com.Practice.demoTestNG" name="b" time="0.001"/>
  <system-out/>
  <testcase classname="com.Practice.demoTestNG" name="b" time="0.001"/>
  <system-out/>
  <testcase classname="com.Practice.demoTestNG" name="c" time="0.001"/>
  <system-out/>
</testsuite> <!-- com.Practice.demoTestNG -->
