<?xml version="1.0" encoding="UTF-8"?>
<!-- Generated by org.testng.reporters.JUnitReportReporter -->
<testsuite hostname="LAPTOP-5KCODA6R" failures="0" tests="1" name="Project_TestNG.AddACustomerTest" time="9.738" errors="0" timestamp="2023-08-09T12:55:28 IST" skipped="0">
  <testcase classname="Project_TestNG.AddACustomerTest" name="AddACustomer" time="9.738"/>
  <system-out/>
</testsuite> <!-- Project_TestNG.AddACustomerTest -->
