<?xml version="1.0" encoding="UTF-8"?>
<!-- Generated by org.testng.reporters.JUnitReportReporter -->
<testsuite hostname="LAPTOP-5KCODA6R" failures="0" tests="6" name="com.Practice.DataProvider_ExcelSheet" time="0.016" errors="0" timestamp="2023-08-09T22:47:55 IST" skipped="0">
  <testcase classname="com.Practice.DataProvider_ExcelSheet" name="fetchData" time="0.001"/>
  <system-out/>
  <testcase classname="com.Practice.DataProvider_ExcelSheet" name="fetchData" time="0.001"/>
  <system-out/>
  <testcase classname="com.Practice.DataProvider_ExcelSheet" name="fetchData" time="0.001"/>
  <system-out/>
  <testcase classname="com.Practice.DataProvider_ExcelSheet" name="fetchData" time="0.011"/>
  <system-out/>
  <testcase classname="com.Practice.DataProvider_ExcelSheet" name="fetchData" time="0.001"/>
  <system-out/>
  <testcase classname="com.Practice.DataProvider_ExcelSheet" name="fetchData" time="0.001"/>
  <system-out/>
</testsuite> <!-- com.Practice.DataProvider_ExcelSheet -->
