<?xml version="1.0" encoding="UTF-8"?>
<!-- Generated by org.testng.reporters.JUnitReportReporter -->
<testsuite hostname="LAPTOP-5KCODA6R" failures="0" tests="1" name="com.Practice.readDataFromCmdLine" time="2.283" errors="0" timestamp="2023-07-28T17:36:29 IST" skipped="0">
  <testcase classname="com.Practice.readDataFromCmdLine" name="readDataFromCmdLine" time="2.283"/>
  <system-out/>
</testsuite> <!-- com.Practice.readDataFromCmdLine -->
