<?xml version="1.0" encoding="UTF-8"?>
<!-- Generated by org.testng.reporters.JUnitReportReporter -->
<testsuite hostname="LAPTOP-5KCODA6R" failures="0" tests="2" name="com.Assignment.AddAccountTest" time="6.676" errors="0" timestamp="2023-08-08T17:03:41 IST" skipped="0">
  <testcase classname="com.Assignment.AddAccountTest" name="addUserAccountTest" time="3.333"/>
  <system-out/>
  <testcase classname="com.Assignment.AddAccountTest" name="addUserAccountTest" time="3.343"/>
  <system-out/>
</testsuite> <!-- com.Assignment.AddAccountTest -->
