<?xml version="1.0" encoding="UTF-8"?>
<!-- Generated by org.testng.reporters.JUnitReportReporter -->
<testsuite hostname="LAPTOP-5KCODA6R" failures="0" tests="4" name="com.Practice.Product_Module" time="12.769" errors="0" timestamp="2023-08-08T10:27:11 IST" skipped="0">
  <testcase classname="com.Practice.Product_Module" name="deleteProduct" time="3.246"/>
  <system-out/>
  <testcase classname="com.Practice.Product_Module" name="createProduct" time="3.454"/>
  <system-out/>
  <testcase classname="com.Practice.Product_Module" name="createProduct" time="3.030"/>
  <system-out/>
  <testcase classname="com.Practice.Product_Module" name="deleteProduct" time="3.039"/>
  <system-out/>
</testsuite> <!-- com.Practice.Product_Module -->
